<?xml version="1.0" encoding="UTF-8"?>
<testng-results ignored="0" total="1" passed="1" failed="0" skipped="0">
  <reporter-output>
  </reporter-output>
  <suite started-at="2024-11-07T23:25:51 IST" name="Suite" finished-at="2024-11-07T23:25:53 IST" duration-ms="1761">
    <groups>
    </groups>
    <test started-at="2024-11-07T23:25:51 IST" name="Test" finished-at="2024-11-07T23:25:53 IST" duration-ms="1761">
      <class name="StepDefinitions.ReadExcelSheet">
        <test-method signature="readExcelData()[pri:0, instance:StepDefinitions.ReadExcelSheet@2d901eb0]" started-at="2024-11-07T23:25:51 IST" name="readExcelData" finished-at="2024-11-07T23:25:53 IST" duration-ms="1676" status="PASS">
          <reporter-output>
          </reporter-output>
        </test-method> <!-- readExcelData -->
      </class> <!-- StepDefinitions.ReadExcelSheet -->
    </test> <!-- Test -->
  </suite> <!-- Suite -->
</testng-results>
